This is pdfTeX, Version 3.14159265-2.6-1.40.21 (TeX Live 2020) (preloaded format=pdflatex 2020.9.19)  9 DEC 2020 13:33
entering extended mode
 restricted \write18 enabled.
 %&-line parsing enabled.
**report_outline.tex
(./report_outline.tex
LaTeX2e <2020-02-02> patch level 5
L3 programming layer <2020-09-06>

! LaTeX Error: File `IEEEtran_ID.cls' not found.

Type X to quit or <RETURN> to proceed,
or enter new name. (Default extension: cls)

Enter file name: 
! Interruption.
<to be read again> 
                   }
l.5 \IEEEoverridecommandlockouts
                                ^^M
? 
! Undefined control sequence.
<recently read> \IEEEoverridecommandlockouts 
                                             
l.5 \IEEEoverridecommandlockouts
                                
? exit
 
Here is how much of TeX's memory you used:
 23 strings out of 480876
 525 string characters out of 5907582
 243537 words of memory out of 5000000
 15749 multiletter control sequences out of 15000+600000
 535088 words of font info for 29 fonts, out of 8000000 for 9000
 1141 hyphenation exceptions out of 8191
 20i,0n,25p,90b,10s stack positions out of 5000i,500n,10000p,200000b,80000s
No pages of output.
PDF statistics:
 0 PDF objects out of 1000 (max. 8388607)
 0 named destinations out of 1000 (max. 500000)
 1 words of extra memory for PDF output out of 10000 (max. 10000000)

